C51 COMPILER V9.57.0.0   UART                                                              09/30/2022 08:23:23 PAGE 1   


C51 COMPILER V9.57.0.0, COMPILATION OF MODULE UART
OBJECT MODULE PLACED IN .\Objects\uart.obj
COMPILER INVOKED BY: D:\keil5_C51\C51\BIN\C51.EXE C\uart.c OPTIMIZE(8,SPEED) BROWSE INCDIR(.\C;.\H) DEBUG OBJECTEXTEND P
                    -RINT(.\Listings\uart.lst) TABS(2) OBJECT(.\Objects\uart.obj)

line level    source

   1          #include "global.h"
   2          
   3          //IO模拟UART发送
   4          void Delay104us(void)
   5          {//波特率9600 104 us
   6   1        unsigned char i;
   7   1      //  Test_Port = 1;
   8   1        for(i=0;i<162;i++)
   9   1        {;}
  10   1      //  Test_Port = 0;
  11   1      }
  12          
  13          void Uart_SendByte(unsigned char SendData)
  14          {
  15   1        unsigned char i;
  16   1        UART_TX=1;
  17   1        UART_TX=0;  
  18   1        Delay104us();
  19   1        EAL = 0;
  20   1        for(i=0;i<8;i++)
  21   1        {
  22   2          if(SendData & 0x01)
  23   2          {
  24   3              UART_TX=1;
  25   3          }
  26   2          else
  27   2          {
  28   3            UART_TX=0;
  29   3          }
  30   2          Delay104us();
  31   2          SendData >>= 1;
  32   2        }
  33   1        UART_TX=1;
  34   1        EAL = 1;
  35   1             
  36   1        Delay104us();
  37   1        Delay104us();
  38   1      }
  39          


MODULE INFORMATION:   STATIC OVERLAYABLE
   CODE SIZE        =     51    ----
   CONSTANT SIZE    =   ----    ----
   XDATA SIZE       =   ----    ----
   PDATA SIZE       =   ----    ----
   DATA SIZE        =   ----    ----
   IDATA SIZE       =   ----    ----
   BIT SIZE         =   ----    ----
END OF MODULE INFORMATION.


C51 COMPILATION COMPLETE.  0 WARNING(S),  0 ERROR(S)
