C51 COMPILER V9.57.0.0   WORK                                                              05/19/2022 16:44:02 PAGE 1   


C51 COMPILER V9.57.0.0, COMPILATION OF MODULE WORK
OBJECT MODULE PLACED IN .\Objects\work.obj
COMPILER INVOKED BY: D:\keil5_C51\C51\BIN\C51.EXE work.c OPTIMIZE(8,SPEED) BROWSE DEBUG OBJECTEXTEND PRINT(.\Listings\wo
                    -rk.lst) TABS(2) OBJECT(.\Objects\work.obj)

line level    source

   1          #include "global.h"
   2          
   3          
   4          void Heat()
   5          {
   6   1        if(F_OpenRY)
   7   1        {
   8   2          if(!F_DealOpen && !F_RYState)
   9   2          {
  10   3            OPENRY;
  11   3            F_RYState = 1;
  12   3            F_DealOpen = 1;
  13   3          }
  14   2        }
  15   1        else
  16   1        {
  17   2          if(!F_DealOpen && F_RYState)
  18   2          {
  19   3            CLOSERY;
  20   3            F_DealOpen = 1;
  21   3          }
  22   2        }
  23   1      }
  24          
  25          
  26          
  27          void RY_Protect()//¼ÌµçÆ÷±£»¤
  28          {
  29   1        if(F_DealOpen)  
  30   1        {
  31   2          Deal3s++;
  32   2          if(Deal3s == 6)//3s
  33   2          {
  34   3            Deal3s = 0;
  35   3            F_DealOpen = 0;
  36   3          }
  37   2        }
  38   1      }


MODULE INFORMATION:   STATIC OVERLAYABLE
   CODE SIZE        =     43    ----
   CONSTANT SIZE    =   ----    ----
   XDATA SIZE       =   ----    ----
   PDATA SIZE       =   ----    ----
   DATA SIZE        =   ----    ----
   IDATA SIZE       =   ----    ----
   BIT SIZE         =   ----    ----
END OF MODULE INFORMATION.


C51 COMPILATION COMPLETE.  0 WARNING(S),  0 ERROR(S)
